Determining if the pthread_create exist failed with the following output:
Change Dir: /home/joseph/Documents/Programming/Graphics/Spacial-Freeze/cmake-build-debug/CMakeFiles/CMakeTmp

Run Build Command(s):/usr/bin/make cmTC_0660d/fast 
/usr/bin/make -f CMakeFiles/cmTC_0660d.dir/build.make CMakeFiles/cmTC_0660d.dir/build
make[1]: Entering directory '/home/joseph/Documents/Programming/Graphics/Spacial-Freeze/cmake-build-debug/CMakeFiles/CMakeTmp'
Building C object CMakeFiles/cmTC_0660d.dir/CheckSymbolExists.c.o
/usr/bin/cc    -o CMakeFiles/cmTC_0660d.dir/CheckSymbolExists.c.o   -c /home/joseph/Documents/Programming/Graphics/Spacial-Freeze/cmake-build-debug/CMakeFiles/CMakeTmp/CheckSymbolExists.c
Linking C executable cmTC_0660d
/usr/bin/cmake -E cmake_link_script CMakeFiles/cmTC_0660d.dir/link.txt --verbose=1
/usr/bin/cc      -rdynamic CMakeFiles/cmTC_0660d.dir/CheckSymbolExists.c.o  -o cmTC_0660d 
/usr/bin/ld: CMakeFiles/cmTC_0660d.dir/CheckSymbolExists.c.o: in function `main':
CheckSymbolExists.c:(.text+0x1b): undefined reference to `pthread_create'
collect2: error: ld returned 1 exit status
make[1]: *** [CMakeFiles/cmTC_0660d.dir/build.make:87: cmTC_0660d] Error 1
make[1]: Leaving directory '/home/joseph/Documents/Programming/Graphics/Spacial-Freeze/cmake-build-debug/CMakeFiles/CMakeTmp'
make: *** [Makefile:121: cmTC_0660d/fast] Error 2

File /home/joseph/Documents/Programming/Graphics/Spacial-Freeze/cmake-build-debug/CMakeFiles/CMakeTmp/CheckSymbolExists.c:
/* */
#include <pthread.h>

int main(int argc, char** argv)
{
  (void)argv;
#ifndef pthread_create
  return ((int*)(&pthread_create))[argc];
#else
  (void)argc;
  return 0;
#endif
}

Determining if the function pthread_create exists in the pthreads failed with the following output:
Change Dir: /home/joseph/Documents/Programming/Graphics/Spacial-Freeze/cmake-build-debug/CMakeFiles/CMakeTmp

Run Build Command(s):/usr/bin/make cmTC_f4ab0/fast 
/usr/bin/make -f CMakeFiles/cmTC_f4ab0.dir/build.make CMakeFiles/cmTC_f4ab0.dir/build
make[1]: Entering directory '/home/joseph/Documents/Programming/Graphics/Spacial-Freeze/cmake-build-debug/CMakeFiles/CMakeTmp'
Building C object CMakeFiles/cmTC_f4ab0.dir/CheckFunctionExists.c.o
/usr/bin/cc   -DCHECK_FUNCTION_EXISTS=pthread_create   -o CMakeFiles/cmTC_f4ab0.dir/CheckFunctionExists.c.o   -c /usr/share/cmake-3.14/Modules/CheckFunctionExists.c
Linking C executable cmTC_f4ab0
/usr/bin/cmake -E cmake_link_script CMakeFiles/cmTC_f4ab0.dir/link.txt --verbose=1
/usr/bin/cc  -DCHECK_FUNCTION_EXISTS=pthread_create    -rdynamic CMakeFiles/cmTC_f4ab0.dir/CheckFunctionExists.c.o  -o cmTC_f4ab0 -lpthreads 
/usr/bin/ld: cannot find -lpthreads
collect2: error: ld returned 1 exit status
make[1]: *** [CMakeFiles/cmTC_f4ab0.dir/build.make:87: cmTC_f4ab0] Error 1
make[1]: Leaving directory '/home/joseph/Documents/Programming/Graphics/Spacial-Freeze/cmake-build-debug/CMakeFiles/CMakeTmp'
make: *** [Makefile:121: cmTC_f4ab0/fast] Error 2


Performing C SOURCE FILE Test CMAKE_HAVE_LIBC_PTHREAD failed with the following output:
Change Dir: /home/joseph/Documents/Programming/Graphics/Spacial-Freeze/cmake-build-debug/CMakeFiles/CMakeTmp

Run Build Command(s):/usr/bin/make cmTC_f7599/fast && /usr/bin/make -f CMakeFiles/cmTC_f7599.dir/build.make CMakeFiles/cmTC_f7599.dir/build
make[1]: Entering directory '/home/joseph/Documents/Programming/Graphics/Spacial-Freeze/cmake-build-debug/CMakeFiles/CMakeTmp'
Building C object CMakeFiles/cmTC_f7599.dir/src.c.o
/usr/bin/cc   -DCMAKE_HAVE_LIBC_PTHREAD   -o CMakeFiles/cmTC_f7599.dir/src.c.o   -c /home/joseph/Documents/Programming/Graphics/Spacial-Freeze/cmake-build-debug/CMakeFiles/CMakeTmp/src.c
Linking C executable cmTC_f7599
/usr/bin/cmake -E cmake_link_script CMakeFiles/cmTC_f7599.dir/link.txt --verbose=1
/usr/bin/cc  -DCMAKE_HAVE_LIBC_PTHREAD    -rdynamic CMakeFiles/cmTC_f7599.dir/src.c.o  -o cmTC_f7599 
/usr/bin/ld: CMakeFiles/cmTC_f7599.dir/src.c.o: in function `main':
src.c:(.text+0x3e): undefined reference to `pthread_create'
/usr/bin/ld: src.c:(.text+0x4a): undefined reference to `pthread_detach'
/usr/bin/ld: src.c:(.text+0x5b): undefined reference to `pthread_join'
collect2: error: ld returned 1 exit status
make[1]: *** [CMakeFiles/cmTC_f7599.dir/build.make:87: cmTC_f7599] Error 1
make[1]: Leaving directory '/home/joseph/Documents/Programming/Graphics/Spacial-Freeze/cmake-build-debug/CMakeFiles/CMakeTmp'
make: *** [Makefile:121: cmTC_f7599/fast] Error 2


Source file was:
#include <pthread.h>

void* test_func(void* data)
{
  return data;
}

int main(void)
{
  pthread_t thread;
  pthread_create(&thread, NULL, test_func, NULL);
  pthread_detach(thread);
  pthread_join(thread, NULL);
  pthread_atfork(NULL, NULL, NULL);
  pthread_exit(NULL);

  return 0;
}

